2025-09-16T13:30:54.332 application=block_scout_web [error] Failed to fetch rate limit config: :invalid_config_url. Fallback to local config.
2025-09-16T13:33:48.080 application=block_scout_web [error] Failed to fetch rate limit config: :invalid_config_url. Fallback to local config.
2025-09-16T13:33:49.143 application=block_scout_web [error] Failed to fetch rate limit config: :invalid_config_url. Fallback to local config.
2025-09-16T13:38:56.885 application=block_scout_web request_id=GGXG6cRn_PhkuIoAAM6H [info] API v2 smart-contract 0xe94a4d257e9ae7e70d241c2bdaf730235a652346 verification via standard json input
2025-09-16T13:38:56.888 application=block_scout_web request_id=GGXG6cRn_PhkuIoAAM6H [info] API v2 smart-contract 0xe94a4d257e9ae7e70d241c2bdaf730235a652346 verification request sent to the microservice
2025-09-16T14:14:41.793 application=block_scout_web [error] Failed to fetch rate limit config: :invalid_config_url. Fallback to local config.
2025-09-16T14:15:06.426 application=block_scout_web [error] Failed to fetch rate limit config: :invalid_config_url. Fallback to local config.
2025-09-16T14:15:07.745 application=block_scout_web [error] Failed to fetch rate limit config: :invalid_config_url. Fallback to local config.
2025-09-16T14:15:47.309 application=block_scout_web request_id=GGXI7GsKSBMw-yEAADGG [info] API v2 smart-contract 0xe94a4d257e9ae7e70d241c2bdaf730235a652346 verification via standard json input
2025-09-16T14:15:47.313 application=block_scout_web request_id=GGXI7GsKSBMw-yEAADGG [info] API v2 smart-contract 0xe94a4d257e9ae7e70d241c2bdaf730235a652346 verification request sent to the microservice
2025-09-16T14:17:05.436 application=block_scout_web request_id=GGXI_pzFvtg-y70AAE5p [info] API v2 smart-contract 0xe94a4d257e9ae7e70d241c2bdaf730235a652346 verification via standard json input
2025-09-16T14:17:05.439 application=block_scout_web request_id=GGXI_pzFvtg-y70AAE5p [info] API v2 smart-contract 0xe94a4d257e9ae7e70d241c2bdaf730235a652346 verification request sent to the microservice
2025-09-16T14:20:19.063 application=block_scout_web request_id=GGXJK7EPrbm7xCMAAIxF [info] API v2 smart-contract 0xe94a4d257e9ae7e70d241c2bdaf730235a652346 verification via standard json input
2025-09-16T14:20:19.067 application=block_scout_web request_id=GGXJK7EPrbm7xCMAAIxF [info] API v2 smart-contract 0xe94a4d257e9ae7e70d241c2bdaf730235a652346 verification request sent to the microservice
2025-09-16T14:20:19.952 application=block_scout_web [info] Broadcast smart-contract 0xe94a4d257e9ae7e70d241c2bdaf730235a652346 verification results
2025-09-16T14:50:37.390 application=block_scout_web request_id=GGXK0w50vcnHvIQAA53n [info] API v2 smart-contract 0x3c800a67f44c1877db2b8314df733e00b2d78885 verification via standard json input
2025-09-16T14:50:37.393 application=block_scout_web request_id=GGXK0w50vcnHvIQAA53n [info] API v2 smart-contract 0x3c800a67f44c1877db2b8314df733e00b2d78885 verification request sent to the microservice
2025-09-16T14:50:38.212 application=block_scout_web [info] Broadcast smart-contract 0x3c800a67f44c1877db2b8314df733e00b2d78885 verification results
2025-09-16T15:04:08.786 application=block_scout_web request_id=GGXLj_kUTk_yf_oABbuh [info] API v2 smart-contract 0x8509436d6112e6ff9c5b0016ebffcd816cbd4913 verification via flattened file
2025-09-16T15:04:08.789 application=block_scout_web request_id=GGXLj_kUTk_yf_oABbuh [info] API v2 smart-contract 0x8509436d6112e6ff9c5b0016ebffcd816cbd4913 verification request sent to the microservice
2025-09-16T15:04:18.421 application=block_scout_web [info] Broadcast smart-contract 0x8509436d6112e6ff9c5b0016ebffcd816cbd4913 verification results
2025-09-16T15:04:43.428 application=block_scout_web request_id=GGXLmAnlCpxqOLYABdOh [info] API v2 smart-contract 0x8509436d6112e6ff9c5b0016ebffcd816cbd4913 verification via flattened file
2025-09-16T15:04:43.430 application=block_scout_web request_id=GGXLmAnlCpxqOLYABdOh [info] API v2 smart-contract 0x8509436d6112e6ff9c5b0016ebffcd816cbd4913 verification request sent to the microservice
2025-09-16T15:04:43.607 application=block_scout_web [info] Broadcast smart-contract 0x8509436d6112e6ff9c5b0016ebffcd816cbd4913 verification results
2025-09-16T15:06:42.979 application=block_scout_web request_id=GGXLs99WfsUu-ZsABDfm [info] API v2 smart-contract 0x8509436d6112e6ff9c5b0016ebffcd816cbd4913 verification via flattened file
2025-09-16T15:06:42.982 application=block_scout_web request_id=GGXLs99WfsUu-ZsABDfm [info] API v2 smart-contract 0x8509436d6112e6ff9c5b0016ebffcd816cbd4913 verification request sent to the microservice
2025-09-16T15:06:43.176 application=block_scout_web [info] Broadcast smart-contract 0x8509436d6112e6ff9c5b0016ebffcd816cbd4913 verification results
2025-09-16T15:11:22.137 application=block_scout_web request_id=GGXL9N8MnXNOhEYABqbh [info] API v2 smart-contract 0x8509436d6112e6ff9c5b0016ebffcd816cbd4913 verification via flattened file
2025-09-16T15:11:22.147 application=block_scout_web request_id=GGXL9N8MnXNOhEYABqbh [info] API v2 smart-contract 0x8509436d6112e6ff9c5b0016ebffcd816cbd4913 verification request sent to the microservice
2025-09-16T15:11:26.919 application=block_scout_web [info] Broadcast smart-contract 0x8509436d6112e6ff9c5b0016ebffcd816cbd4913 verification results
2025-09-16T15:19:08.489 application=block_scout_web request_id=GGXMYXOMEc_6Z_UABSim [info] API v2 smart-contract 0x7f3b49675ec8052b100eaf4b2b8ee2328ca27bfd verification via multipart
2025-09-16T15:19:08.497 application=block_scout_web request_id=GGXMYXOMEc_6Z_UABSim [info] API v2 smart-contract 0x7f3b49675ec8052b100eaf4b2b8ee2328ca27bfd verification request sent to the microservice
2025-09-16T15:19:08.731 application=block_scout_web [info] Broadcast smart-contract 0x7f3b49675ec8052b100eaf4b2b8ee2328ca27bfd verification results
2025-09-16T15:20:22.707 application=block_scout_web request_id=GGXMcrtqXtPx2s0AB8XB [info] API v2 smart-contract 0x7f3b49675ec8052b100eaf4b2b8ee2328ca27bfd verification via multipart
2025-09-16T15:20:22.709 application=block_scout_web request_id=GGXMcrtqXtPx2s0AB8XB [info] API v2 smart-contract 0x7f3b49675ec8052b100eaf4b2b8ee2328ca27bfd verification request sent to the microservice
2025-09-16T15:20:23.771 application=block_scout_web [info] Broadcast smart-contract 0x7f3b49675ec8052b100eaf4b2b8ee2328ca27bfd verification results
2025-09-16T15:21:04.106 application=block_scout_web request_id=GGXMfF8ZomyWqmEABaVF [info] API v2 smart-contract 0x6582795f527d65ba0b1edeb7c64bfd21b354094a verification via flattened file
2025-09-16T15:21:04.113 application=block_scout_web request_id=GGXMfF8ZomyWqmEABaVF [info] API v2 smart-contract 0x6582795f527d65ba0b1edeb7c64bfd21b354094a verification request sent to the microservice
2025-09-16T15:21:05.230 application=block_scout_web [info] Broadcast smart-contract 0x6582795f527d65ba0b1edeb7c64bfd21b354094a verification results
2025-09-16T17:19:07.201 application=block_scout_web request_id=GGXS7Ye7ygDCeg0ACehn [info] API v2 smart-contract 0x6431b4843ade8c296feb7716d39581d3480cccaa verification via multipart
2025-09-16T17:19:07.208 application=block_scout_web request_id=GGXS7Ye7ygDCeg0ACehn [info] API v2 smart-contract 0x6431b4843ade8c296feb7716d39581d3480cccaa verification request sent to the microservice
2025-09-16T17:19:09.947 application=block_scout_web [info] Broadcast smart-contract 0x6431b4843ade8c296feb7716d39581d3480cccaa verification results
2025-09-16T17:19:38.685 application=block_scout_web request_id=GGXS9Ny0Jht-fKsADAuh [info] API v2 smart-contract 0x6431b4843ade8c296feb7716d39581d3480cccaa verification via multipart
2025-09-16T17:19:38.689 application=block_scout_web request_id=GGXS9Ny0Jht-fKsADAuh [info] API v2 smart-contract 0x6431b4843ade8c296feb7716d39581d3480cccaa verification request sent to the microservice
2025-09-16T17:19:39.199 application=block_scout_web [info] Broadcast smart-contract 0x6431b4843ade8c296feb7716d39581d3480cccaa verification results
2025-09-16T17:20:01.641 application=block_scout_web request_id=GGXS-jS7sAzXvAAADBXB [info] API v2 smart-contract 0x6431b4843ade8c296feb7716d39581d3480cccaa verification via multipart
2025-09-16T17:20:01.645 application=block_scout_web request_id=GGXS-jS7sAzXvAAADBXB [info] API v2 smart-contract 0x6431b4843ade8c296feb7716d39581d3480cccaa verification request sent to the microservice
2025-09-16T17:20:02.093 application=block_scout_web [info] Broadcast smart-contract 0x6431b4843ade8c296feb7716d39581d3480cccaa verification results
2025-09-16T17:21:10.539 application=block_scout_web request_id=GGXTCj_arnc5rPAACjGn [info] API v2 smart-contract 0x6431b4843ade8c296feb7716d39581d3480cccaa verification via multipart
2025-09-16T17:21:10.542 application=block_scout_web request_id=GGXTCj_arnc5rPAACjGn [info] API v2 smart-contract 0x6431b4843ade8c296feb7716d39581d3480cccaa verification request sent to the microservice
2025-09-16T17:21:11.137 application=block_scout_web [info] Broadcast smart-contract 0x6431b4843ade8c296feb7716d39581d3480cccaa verification results
2025-09-16T17:21:19.253 application=block_scout_web request_id=GGXTDEc21jO1FJQABVbK [info] API v2 smart-contract 0x6431b4843ade8c296feb7716d39581d3480cccaa verification via multipart
2025-09-16T17:21:19.255 application=block_scout_web request_id=GGXTDEc21jO1FJQABVbK [info] API v2 smart-contract 0x6431b4843ade8c296feb7716d39581d3480cccaa verification request sent to the microservice
2025-09-16T17:21:19.707 application=block_scout_web [info] Broadcast smart-contract 0x6431b4843ade8c296feb7716d39581d3480cccaa verification results
2025-09-16T17:21:22.336 application=block_scout_web request_id=GGXTDP78s-cS3z0ACPlE [info] API v2 smart-contract 0x6431b4843ade8c296feb7716d39581d3480cccaa verification via multipart
2025-09-16T17:21:22.339 application=block_scout_web request_id=GGXTDP78s-cS3z0ACPlE [info] API v2 smart-contract 0x6431b4843ade8c296feb7716d39581d3480cccaa verification request sent to the microservice
2025-09-16T17:21:22.437 application=block_scout_web [info] Broadcast smart-contract 0x6431b4843ade8c296feb7716d39581d3480cccaa verification results
2025-09-16T17:21:29.766 application=block_scout_web request_id=GGXTDrnOegNpoCgACjlH [info] API v2 smart-contract 0x6431b4843ade8c296feb7716d39581d3480cccaa verification via multipart
2025-09-16T17:21:29.769 application=block_scout_web request_id=GGXTDrnOegNpoCgACjlH [info] API v2 smart-contract 0x6431b4843ade8c296feb7716d39581d3480cccaa verification request sent to the microservice
2025-09-16T17:21:30.209 application=block_scout_web [info] Broadcast smart-contract 0x6431b4843ade8c296feb7716d39581d3480cccaa verification results
2025-09-16T17:22:57.833 application=block_scout_web request_id=GGXTIzqmgsHF5y0ACcwD [info] API v2 smart-contract 0x6431b4843ade8c296feb7716d39581d3480cccaa verification via multipart
2025-09-16T17:22:57.835 application=block_scout_web request_id=GGXTIzqmgsHF5y0ACcwD [info] API v2 smart-contract 0x6431b4843ade8c296feb7716d39581d3480cccaa verification request sent to the microservice
2025-09-16T17:22:58.503 application=block_scout_web [info] Broadcast smart-contract 0x6431b4843ade8c296feb7716d39581d3480cccaa verification results
2025-09-16T17:22:59.809 application=block_scout_web request_id=GGXTI7C2rP2Cwh0ADFZh [info] API v2 smart-contract 0x6431b4843ade8c296feb7716d39581d3480cccaa verification via multipart
2025-09-16T17:22:59.813 application=block_scout_web request_id=GGXTI7C2rP2Cwh0ADFZh [info] API v2 smart-contract 0x6431b4843ade8c296feb7716d39581d3480cccaa verification request sent to the microservice
2025-09-16T17:23:00.256 application=block_scout_web [info] Broadcast smart-contract 0x6431b4843ade8c296feb7716d39581d3480cccaa verification results
2025-09-16T17:35:07.142 application=block_scout_web request_id=GGXTzQiO43fk4qIAC4Fn [info] API v2 smart-contract 0x6431b4843ade8c296feb7716d39581d3480cccaa verification via multipart
2025-09-16T17:35:07.149 application=block_scout_web request_id=GGXTzQiO43fk4qIAC4Fn [info] API v2 smart-contract 0x6431b4843ade8c296feb7716d39581d3480cccaa verification request sent to the microservice
2025-09-16T17:35:10.404 application=block_scout_web [info] Broadcast smart-contract 0x6431b4843ade8c296feb7716d39581d3480cccaa verification results
2025-09-17T09:33:02.019 application=block_scout_web [error] Failed to fetch rate limit config: :invalid_config_url. Fallback to local config.
2025-09-17T09:33:05.352 application=block_scout_web [error] Failed to fetch rate limit config: :invalid_config_url. Fallback to local config.
2025-09-17T09:34:54.082 application=block_scout_web request_id=GGYILQqGxAej8RkAAbMB [info] API v2 smart-contract 0x2D6634810A01b688d78c8b9Ec8Bc2a85B6E632aB verification via standard json input
2025-09-17T09:37:02.967 application=block_scout_web request_id=GGYISwy44HfB5G0AAYNE [info] API v2 smart-contract 0xC6E89EbCd66956195d37FB440fa0B30c04929e9c verification via standard json input
2025-09-17T09:37:25.218 application=block_scout_web request_id=GGYIUDrodAhLJccAAhzB [info] API v2 smart-contract 0xF6d3895Fe151D2420bEd340Ea9dD701375B1e31c verification via standard json input
2025-09-17T09:37:26.017 application=block_scout_web request_id=GGYIUDrodAhLJccAAhzB [info] API v2 smart-contract 0xF6d3895Fe151D2420bEd340Ea9dD701375B1e31c verification request sent to the microservice
2025-09-17T09:37:26.038 application=block_scout_web [info] Broadcast smart-contract 0xf6d3895fe151d2420bed340ea9dd701375b1e31c verification results
2025-09-17T09:38:52.027 application=block_scout_web request_id=GGYIZHEHW1KJZ6QAAU-i [info] API v2 smart-contract 0x45e568B9f8e2507c1ed8fA3e0858f2E63eCE01Fe verification via standard json input
2025-09-17T09:39:23.238 application=block_scout_web request_id=GGYIa7OmDGVi7QAAAblE [info] API v2 smart-contract 0x6780325837DC6e8819237dd856E8CeF2498fEc72 verification via standard json input
2025-09-17T09:39:55.011 application=block_scout_web request_id=GGYIcxj4KWamkXsAAWzC [info] API v2 smart-contract 0xBDDbB5166ac2F35b47abC72aEfAe7E6Cb9a7A627 verification via standard json input
2025-09-17T09:39:55.835 application=block_scout_web request_id=GGYIcxj4KWamkXsAAWzC [info] API v2 smart-contract 0xBDDbB5166ac2F35b47abC72aEfAe7E6Cb9a7A627 verification request sent to the microservice
2025-09-17T09:39:55.861 application=block_scout_web [info] Broadcast smart-contract 0xbddbb5166ac2f35b47abc72aefae7e6cb9a7a627 verification results
2025-09-17T09:41:30.425 application=block_scout_web request_id=GGYIiVJtmBv37xwAAf5k [info] API v2 smart-contract 0xBDDbB5166ac2F35b47abC72aEfAe7E6Cb9a7A627 verification via standard json input
2025-09-17T09:41:30.430 application=block_scout_web request_id=GGYIiVJtmBv37xwAAf5k [info] API v2 smart-contract 0xBDDbB5166ac2F35b47abC72aEfAe7E6Cb9a7A627 verification request sent to the microservice
2025-09-17T09:41:30.448 application=block_scout_web [info] Broadcast smart-contract 0xbddbb5166ac2f35b47abc72aefae7e6cb9a7a627 verification results
2025-09-17T09:42:32.225 application=block_scout_web request_id=GGYIl7YVD9r__QYAAbYG [info] API v2 smart-contract 0xBDDbB5166ac2F35b47abC72aEfAe7E6Cb9a7A627 verification via standard json input
2025-09-17T09:42:32.229 application=block_scout_web request_id=GGYIl7YVD9r__QYAAbYG [info] API v2 smart-contract 0xBDDbB5166ac2F35b47abC72aEfAe7E6Cb9a7A627 verification request sent to the microservice
2025-09-17T09:42:32.242 application=block_scout_web [info] Broadcast smart-contract 0xbddbb5166ac2f35b47abc72aefae7e6cb9a7a627 verification results
2025-09-17T09:43:01.527 application=block_scout_web request_id=GGYInohiLwYrxCQAAcPG [info] API v2 smart-contract 0xBDDbB5166ac2F35b47abC72aEfAe7E6Cb9a7A627 verification via standard json input
2025-09-17T09:43:01.530 application=block_scout_web request_id=GGYInohiLwYrxCQAAcPG [info] API v2 smart-contract 0xBDDbB5166ac2F35b47abC72aEfAe7E6Cb9a7A627 verification request sent to the microservice
2025-09-17T09:43:01.546 application=block_scout_web [info] Broadcast smart-contract 0xbddbb5166ac2f35b47abc72aefae7e6cb9a7a627 verification results
2025-09-17T09:43:39.854 application=block_scout_web request_id=GGYIp3TYuMG8Zq8AAexC [info] API v2 smart-contract 0xBDDbB5166ac2F35b47abC72aEfAe7E6Cb9a7A627 verification via standard json input
2025-09-17T09:43:39.857 application=block_scout_web request_id=GGYIp3TYuMG8Zq8AAexC [info] API v2 smart-contract 0xBDDbB5166ac2F35b47abC72aEfAe7E6Cb9a7A627 verification request sent to the microservice
2025-09-17T09:43:39.871 application=block_scout_web [info] Broadcast smart-contract 0xbddbb5166ac2f35b47abc72aefae7e6cb9a7a627 verification results
2025-09-17T09:44:18.125 application=block_scout_web request_id=GGYIsF3slf5PvacAAe-G [info] API v2 smart-contract 0xBDDbB5166ac2F35b47abC72aEfAe7E6Cb9a7A627 verification via standard json input
2025-09-17T09:44:18.130 application=block_scout_web request_id=GGYIsF3slf5PvacAAe-G [info] API v2 smart-contract 0xBDDbB5166ac2F35b47abC72aEfAe7E6Cb9a7A627 verification request sent to the microservice
2025-09-17T09:44:58.327 application=block_scout_web [info] Broadcast smart-contract 0xbddbb5166ac2f35b47abc72aefae7e6cb9a7a627 verification results
2025-09-17T09:51:21.516 application=block_scout_web request_id=GGYJEvIjsML_d7MAAfOJ [info] API v2 smart-contract 0xeC898d3c301C103ac776875f48480F1B88C5b498 verification via standard json input
2025-09-17T09:55:02.302 application=block_scout_web request_id=GGYJRlg2fKs3t6UAAycG [info] API v2 smart-contract 0xd5a7B9AE23069d515b67bb0b53244bcC3b1dFb46 verification via standard json input
2025-09-17T09:56:44.431 application=block_scout_web request_id=GGYJXiFkvLMJ0DcAAmyp [info] API v2 smart-contract 0x43A0AAe389cf3115db16d2263D0e5F63D8171E07 verification via standard json input
2025-09-17T09:56:45.096 application=block_scout_web request_id=GGYJXiFkvLMJ0DcAAmyp [info] API v2 smart-contract 0x43A0AAe389cf3115db16d2263D0e5F63D8171E07 verification request sent to the microservice
2025-09-17T09:56:45.762 application=block_scout_web [info] Broadcast smart-contract 0x43a0aae389cf3115db16d2263d0e5f63d8171e07 verification results
2025-09-17T10:59:13.717 application=block_scout_web request_id=GGYMxxRQa7uqyMkACFjk [info] API v2 smart-contract 0x95DeC97cB01727CDf26555113e08Af69E3CF0031 verification via standard json input
2025-09-17T10:59:13.718 application=block_scout_web request_id=GGYMxxRIfz8q0fEACCmC [error] Not found
2025-09-17T10:59:14.469 application=block_scout_web request_id=GGYMxxRQa7uqyMkACFjk [info] API v2 smart-contract 0x95DeC97cB01727CDf26555113e08Af69E3CF0031 verification request sent to the microservice
2025-09-17T10:59:15.087 application=block_scout_web [info] Broadcast smart-contract 0x95dec97cb01727cdf26555113e08af69e3cf0031 verification results
2025-09-17T11:00:24.161 application=block_scout_web request_id=GGYM13sPjKkJ-E8ACBbD [error] Not found
2025-09-17T11:00:24.162 application=block_scout_web request_id=GGYM13sVluI01gYACHsk [info] API v2 smart-contract 0xd178990017BA1d44D0C804E042B1DD86d4fD0B7c verification via standard json input
2025-09-17T11:03:24.180 application=block_scout_web request_id=GGYNAWSEYk685qEABSSK [error] Not found
2025-09-17T11:04:14.750 application=block_scout_web request_id=GGYNDSrts2ePw1sACqhh [error] Not found
2025-09-17T11:04:20.465 application=block_scout_web request_id=GGYNDn-GaeNv6rQACK3C [info] API v2 smart-contract 0x3ac8d3Fe6c583b0d5B7a03575Ca633FFCF69C5d1 verification via standard json input
2025-09-17T11:04:20.469 application=block_scout_web request_id=GGYNDn-GaeNv6rQACK3C [info] API v2 smart-contract 0x3ac8d3Fe6c583b0d5B7a03575Ca633FFCF69C5d1 verification request sent to the microservice
2025-09-17T11:04:21.093 application=block_scout_web [info] Broadcast smart-contract 0x3ac8d3fe6c583b0d5b7a03575ca633ffcf69c5d1 verification results
2025-09-17T11:04:25.502 application=block_scout_web request_id=GGYND6vUQ2OisLwACGqj [info] API v2 smart-contract 0x3ac8d3Fe6c583b0d5B7a03575Ca633FFCF69C5d1 verification via standard json input
2025-09-17T11:04:25.506 application=block_scout_web request_id=GGYND6vUQ2OisLwACGqj [info] API v2 smart-contract 0x3ac8d3Fe6c583b0d5B7a03575Ca633FFCF69C5d1 verification request sent to the microservice
2025-09-17T11:04:25.976 application=block_scout_web [info] Broadcast smart-contract 0x3ac8d3fe6c583b0d5b7a03575ca633ffcf69c5d1 verification results
2025-09-17T11:04:31.440 application=block_scout_web request_id=GGYNEQ2_k_f_Mx4ACG7D [info] API v2 smart-contract 0x3ac8d3Fe6c583b0d5B7a03575Ca633FFCF69C5d1 verification via standard json input
2025-09-17T11:04:31.443 application=block_scout_web request_id=GGYNEQ2_k_f_Mx4ACG7D [info] API v2 smart-contract 0x3ac8d3Fe6c583b0d5B7a03575Ca633FFCF69C5d1 verification request sent to the microservice
2025-09-17T11:04:31.892 application=block_scout_web [info] Broadcast smart-contract 0x3ac8d3fe6c583b0d5b7a03575ca633ffcf69c5d1 verification results
2025-09-17T11:04:37.228 application=block_scout_web request_id=GGYNEmbGUNZ_2MAACHBD [info] API v2 smart-contract 0x3ac8d3Fe6c583b0d5B7a03575Ca633FFCF69C5d1 verification via standard json input
2025-09-17T11:04:37.232 application=block_scout_web request_id=GGYNEmbGUNZ_2MAACHBD [info] API v2 smart-contract 0x3ac8d3Fe6c583b0d5B7a03575Ca633FFCF69C5d1 verification request sent to the microservice
2025-09-17T11:04:37.692 application=block_scout_web [info] Broadcast smart-contract 0x3ac8d3fe6c583b0d5b7a03575ca633ffcf69c5d1 verification results
2025-09-17T11:04:43.173 application=block_scout_web request_id=GGYNE8kgULNpF4sACHZj [info] API v2 smart-contract 0x3ac8d3Fe6c583b0d5B7a03575Ca633FFCF69C5d1 verification via standard json input
2025-09-17T11:04:43.176 application=block_scout_web request_id=GGYNE8kgULNpF4sACHZj [info] API v2 smart-contract 0x3ac8d3Fe6c583b0d5B7a03575Ca633FFCF69C5d1 verification request sent to the microservice
2025-09-17T11:04:43.660 application=block_scout_web [info] Broadcast smart-contract 0x3ac8d3fe6c583b0d5b7a03575ca633ffcf69c5d1 verification results
2025-09-17T11:04:48.982 application=block_scout_web request_id=GGYNFSNROJ9J7KUACHtj [info] API v2 smart-contract 0x3ac8d3Fe6c583b0d5B7a03575Ca633FFCF69C5d1 verification via standard json input
2025-09-17T11:04:48.988 application=block_scout_web request_id=GGYNFSNROJ9J7KUACHtj [info] API v2 smart-contract 0x3ac8d3Fe6c583b0d5B7a03575Ca633FFCF69C5d1 verification request sent to the microservice
2025-09-17T11:04:49.453 application=block_scout_web [info] Broadcast smart-contract 0x3ac8d3fe6c583b0d5b7a03575ca633ffcf69c5d1 verification results
2025-09-17T11:04:54.712 application=block_scout_web request_id=GGYNFnjjuY4v9u0ACH1D [info] API v2 smart-contract 0x3ac8d3Fe6c583b0d5B7a03575Ca633FFCF69C5d1 verification via standard json input
2025-09-17T11:04:54.714 application=block_scout_web request_id=GGYNFnjjuY4v9u0ACH1D [info] API v2 smart-contract 0x3ac8d3Fe6c583b0d5B7a03575Ca633FFCF69C5d1 verification request sent to the microservice
2025-09-17T11:04:55.164 application=block_scout_web [info] Broadcast smart-contract 0x3ac8d3fe6c583b0d5b7a03575ca633ffcf69c5d1 verification results
2025-09-17T11:05:14.169 application=block_scout_web request_id=GGYNGwCNsEsFM1kACR9k [error] Not found
2025-09-17T11:05:19.986 application=block_scout_web request_id=GGYNHFtClXAruRsACNBi [info] API v2 smart-contract 0x4cac3B522C767B8F5A0698222d82f7D5d96f8052 verification via standard json input
2025-09-17T11:05:19.989 application=block_scout_web request_id=GGYNHFtClXAruRsACNBi [info] API v2 smart-contract 0x4cac3B522C767B8F5A0698222d82f7D5d96f8052 verification request sent to the microservice
2025-09-17T11:05:20.453 application=block_scout_web [info] Broadcast smart-contract 0x4cac3b522c767b8f5a0698222d82f7d5d96f8052 verification results
2025-09-17T11:05:25.020 application=block_scout_web request_id=GGYNHYdPmzxo8gQACNDi [info] API v2 smart-contract 0x4cac3B522C767B8F5A0698222d82f7D5d96f8052 verification via standard json input
2025-09-17T11:05:25.023 application=block_scout_web request_id=GGYNHYdPmzxo8gQACNDi [info] API v2 smart-contract 0x4cac3B522C767B8F5A0698222d82f7D5d96f8052 verification request sent to the microservice
2025-09-17T11:05:25.483 application=block_scout_web [info] Broadcast smart-contract 0x4cac3b522c767b8f5a0698222d82f7d5d96f8052 verification results
2025-09-17T11:05:30.737 application=block_scout_web request_id=GGYNHtwH4U_IOSUACSxE [info] API v2 smart-contract 0x4cac3B522C767B8F5A0698222d82f7D5d96f8052 verification via standard json input
2025-09-17T11:05:30.739 application=block_scout_web request_id=GGYNHtwH4U_IOSUACSxE [info] API v2 smart-contract 0x4cac3B522C767B8F5A0698222d82f7D5d96f8052 verification request sent to the microservice
2025-09-17T11:05:31.201 application=block_scout_web [info] Broadcast smart-contract 0x4cac3b522c767b8f5a0698222d82f7d5d96f8052 verification results
2025-09-17T11:05:36.465 application=block_scout_web request_id=GGYNIDF_cZhhh8IACQsl [info] API v2 smart-contract 0x4cac3B522C767B8F5A0698222d82f7D5d96f8052 verification via standard json input
2025-09-17T11:05:36.468 application=block_scout_web request_id=GGYNIDF_cZhhh8IACQsl [info] API v2 smart-contract 0x4cac3B522C767B8F5A0698222d82f7D5d96f8052 verification request sent to the microservice
2025-09-17T11:05:36.923 application=block_scout_web [info] Broadcast smart-contract 0x4cac3b522c767b8f5a0698222d82f7d5d96f8052 verification results
2025-09-17T11:05:42.187 application=block_scout_web request_id=GGYNIYaQslFguBgACNki [info] API v2 smart-contract 0x4cac3B522C767B8F5A0698222d82f7D5d96f8052 verification via standard json input
2025-09-17T11:05:42.190 application=block_scout_web request_id=GGYNIYaQslFguBgACNki [info] API v2 smart-contract 0x4cac3B522C767B8F5A0698222d82f7D5d96f8052 verification request sent to the microservice
2025-09-17T11:05:42.648 application=block_scout_web [info] Broadcast smart-contract 0x4cac3b522c767b8f5a0698222d82f7d5d96f8052 verification results
2025-09-17T11:05:48.156 application=block_scout_web request_id=GGYNIur8aExl4RcACN9i [info] API v2 smart-contract 0x4cac3B522C767B8F5A0698222d82f7D5d96f8052 verification via standard json input
2025-09-17T11:05:48.158 application=block_scout_web request_id=GGYNIur8aExl4RcACN9i [info] API v2 smart-contract 0x4cac3B522C767B8F5A0698222d82f7D5d96f8052 verification request sent to the microservice
2025-09-17T11:05:48.663 application=block_scout_web [info] Broadcast smart-contract 0x4cac3b522c767b8f5a0698222d82f7d5d96f8052 verification results
2025-09-17T11:06:04.907 application=block_scout_web request_id=GGYNJtFfW5v5OKYACNno [error] Not found
2025-09-17T11:06:10.737 application=block_scout_web request_id=GGYNKCznrrsvIw8AB9sp [info] API v2 smart-contract 0x313b6aa5924386BbFa8f740FA3c30666Fbb35B40 verification via standard json input
2025-09-17T11:06:10.739 application=block_scout_web request_id=GGYNKCznrrsvIw8AB9sp [info] API v2 smart-contract 0x313b6aa5924386BbFa8f740FA3c30666Fbb35B40 verification request sent to the microservice
2025-09-17T11:06:11.193 application=block_scout_web [info] Broadcast smart-contract 0x313b6aa5924386bbfa8f740fa3c30666fbb35b40 verification results
2025-09-17T11:08:42.155 application=block_scout_web request_id=GGYNS22wy_kfB10ACTiI [error] Not found
2025-09-17T11:08:47.983 application=block_scout_web request_id=GGYNTMk98h8a8MAACN9j [info] API v2 smart-contract 0x4eDa93E5e8690Df8D816859086Cb1c14d57C3690 verification via standard json input
2025-09-17T11:08:47.988 application=block_scout_web request_id=GGYNTMk98h8a8MAACN9j [info] API v2 smart-contract 0x4eDa93E5e8690Df8D816859086Cb1c14d57C3690 verification request sent to the microservice
2025-09-17T11:08:48.600 application=block_scout_web [info] Broadcast smart-contract 0x4eda93e5e8690df8d816859086cb1c14d57c3690 verification results
2025-09-17T11:28:51.965 application=block_scout_web request_id=GGYOZRweV_Achg8ACbTJ [error] Not found
2025-09-17T11:28:57.741 application=block_scout_web request_id=GGYOZnRjEAZnWtkADAFm [info] API v2 smart-contract 0xb06936bEbfE2946f3aE1197f3b6756d25b160667 verification via standard json input
2025-09-17T11:28:57.744 application=block_scout_web request_id=GGYOZnRjEAZnWtkADAFm [info] API v2 smart-contract 0xb06936bEbfE2946f3aE1197f3b6756d25b160667 verification request sent to the microservice
2025-09-17T11:28:58.263 application=block_scout_web [info] Broadcast smart-contract 0xb06936bebfe2946f3ae1197f3b6756d25b160667 verification results
2025-09-17T11:29:12.379 application=block_scout_web request_id=GGYOadzmlByfbnsADArG [error] Not found
2025-09-17T11:29:17.390 application=block_scout_web request_id=GGYOawehkxPK7-8ADA2m [error] Not found
2025-09-17T11:29:23.247 application=block_scout_web request_id=GGYObGTWVEL4skMADBDG [info] API v2 smart-contract 0x0db8df575B5CA10a47550DF82aA7ee38D98beA6D verification via standard json input
2025-09-17T11:29:23.248 application=block_scout_web request_id=GGYObGTWVEL4skMADBDG [info] API v2 smart-contract 0x0db8df575B5CA10a47550DF82aA7ee38D98beA6D verification request sent to the microservice
2025-09-17T11:29:23.717 application=block_scout_web [info] Broadcast smart-contract 0x0db8df575b5ca10a47550df82aa7ee38d98bea6d verification results
2025-09-17T11:40:03.920 application=block_scout_web request_id=GGYPAY8ZUkoI8rUADBek [error] Not found
2025-09-17T11:40:09.740 application=block_scout_web request_id=GGYPAupFoRmRSNkADB4E [info] API v2 smart-contract 0x21B38C22B07E3840a17114A82c631707AC9D3703 verification via standard json input
2025-09-17T11:40:09.742 application=block_scout_web request_id=GGYPAupFoRmRSNkADB4E [info] API v2 smart-contract 0x21B38C22B07E3840a17114A82c631707AC9D3703 verification request sent to the microservice
2025-09-17T11:40:10.464 application=block_scout_web [info] Broadcast smart-contract 0x21b38c22b07e3840a17114a82c631707ac9d3703 verification results
2025-09-17T11:40:24.716 application=block_scout_web request_id=GGYPBmaMzXpv1TgADSXG [error] Not found
2025-09-17T11:40:30.655 application=block_scout_web request_id=GGYPB8j4QE4SNI0ADSwm [info] API v2 smart-contract 0xC4f020F88f5Cb6D36e6af3Bad14fdcc696E953d3 verification via standard json input
2025-09-17T11:40:30.657 application=block_scout_web request_id=GGYPB8j4QE4SNI0ADSwm [info] API v2 smart-contract 0xC4f020F88f5Cb6D36e6af3Bad14fdcc696E953d3 verification request sent to the microservice
2025-09-17T11:40:31.022 application=block_scout_web [info] Broadcast smart-contract 0xc4f020f88f5cb6d36e6af3bad14fdcc696e953d3 verification results
2025-09-17T11:43:35.521 application=block_scout_web request_id=GGYPMtQCiaCHw6EADI2E [error] Not found
2025-09-17T11:43:41.438 application=block_scout_web request_id=GGYPNDTSg9ykoT0ADJWE [info] API v2 smart-contract 0xC9177B233c02e8923494a6d0D7a08485ee1745EC verification via standard json input
2025-09-17T11:43:41.443 application=block_scout_web request_id=GGYPNDTSg9ykoT0ADJWE [info] API v2 smart-contract 0xC9177B233c02e8923494a6d0D7a08485ee1745EC verification request sent to the microservice
2025-09-17T11:43:41.923 application=block_scout_web [info] Broadcast smart-contract 0xc9177b233c02e8923494a6d0d7a08485ee1745ec verification results
2025-09-17T11:43:51.962 application=block_scout_web request_id=GGYPNqgH-TPx0J4ADJsE [error] Not found
2025-09-17T11:43:57.729 application=block_scout_web request_id=GGYPN__fiCOKIqcADKVE [info] API v2 smart-contract 0xa93F216D4A3f3D103E79B353EEd32e1b579c5443 verification via standard json input
2025-09-17T11:43:57.732 application=block_scout_web request_id=GGYPN__fiCOKIqcADKVE [info] API v2 smart-contract 0xa93F216D4A3f3D103E79B353EEd32e1b579c5443 verification request sent to the microservice
2025-09-17T11:43:58.055 application=block_scout_web [info] Broadcast smart-contract 0xa93f216d4a3f3d103e79b353eed32e1b579c5443 verification results
2025-09-17T11:44:43.734 application=block_scout_web request_id=GGYPQrXzHNRuzDcADa6m [error] Not found
2025-09-17T11:44:49.491 application=block_scout_web request_id=GGYPRA0G_v3KRw4ADMfE [info] API v2 smart-contract 0x7cd55916A7287914ECFfed052c4d133520A69Fcd verification via standard json input
2025-09-17T11:44:49.493 application=block_scout_web request_id=GGYPRA0G_v3KRw4ADMfE [info] API v2 smart-contract 0x7cd55916A7287914ECFfed052c4d133520A69Fcd verification request sent to the microservice
2025-09-17T11:44:50.000 application=block_scout_web [info] Broadcast smart-contract 0x7cd55916a7287914ecffed052c4d133520a69fcd verification results
2025-09-17T11:45:04.651 application=block_scout_web request_id=GGYPR5SrWLk1DSgADGmj [error] Not found
2025-09-17T11:45:10.453 application=block_scout_web request_id=GGYPSO6OiU0djUwADHMj [info] API v2 smart-contract 0x8C3987F5A6f78f6B47c1B5f9fa8F1373cfA14865 verification via standard json input
2025-09-17T11:45:10.455 application=block_scout_web request_id=GGYPSO6OiU0djUwADHMj [info] API v2 smart-contract 0x8C3987F5A6f78f6B47c1B5f9fa8F1373cfA14865 verification request sent to the microservice
2025-09-17T11:45:10.964 application=block_scout_web [info] Broadcast smart-contract 0x8c3987f5a6f78f6b47c1b5f9fa8f1373cfa14865 verification results
2025-09-17T11:46:02.676 application=block_scout_web request_id=GGYPVRbX-jyNj0oADIHj [error] Not found
2025-09-17T11:46:08.484 application=block_scout_web request_id=GGYPVnFhkHiPWpYADy3h [info] API v2 smart-contract 0x63fD2fA585CDEF4e2B0c8217b1f7b38c5c4c4aaF verification via standard json input
2025-09-17T11:46:08.489 application=block_scout_web request_id=GGYPVnFhkHiPWpYADy3h [info] API v2 smart-contract 0x63fD2fA585CDEF4e2B0c8217b1f7b38c5c4c4aaF verification request sent to the microservice
2025-09-17T11:46:09.123 application=block_scout_web [info] Broadcast smart-contract 0x63fd2fa585cdef4e2b0c8217b1f7b38c5c4c4aaf verification results
2025-09-17T11:46:23.274 application=block_scout_web request_id=GGYPWeLtiiOvpz8ADQSE [error] Not found
2025-09-17T11:46:28.983 application=block_scout_web request_id=GGYPWzc5dr7mVN8ADJND [info] API v2 smart-contract 0xD6291B60Fd2a0edf278a946DeD02d3e9c468519D verification via standard json input
2025-09-17T11:46:28.985 application=block_scout_web request_id=GGYPWzc5dr7mVN8ADJND [info] API v2 smart-contract 0xD6291B60Fd2a0edf278a946DeD02d3e9c468519D verification request sent to the microservice
2025-09-17T11:46:29.313 application=block_scout_web [info] Broadcast smart-contract 0xd6291b60fd2a0edf278a946ded02d3e9c468519d verification results
2025-09-17T11:47:04.707 application=block_scout_web request_id=GGYPY4hxdP7cVgMAD2CB [error] Not found
2025-09-17T11:47:10.498 application=block_scout_web request_id=GGYPZOGglLtjHpcAD2RB [info] API v2 smart-contract 0xA795d5C57e79859c1aE874f6716C9Cbf34c605C8 verification via standard json input
2025-09-17T11:47:10.501 application=block_scout_web request_id=GGYPZOGglLtjHpcAD2RB [info] API v2 smart-contract 0xA795d5C57e79859c1aE874f6716C9Cbf34c605C8 verification request sent to the microservice
2025-09-17T11:47:11.053 application=block_scout_web [info] Broadcast smart-contract 0xa795d5c57e79859c1ae874f6716c9cbf34c605c8 verification results
2025-09-17T11:47:25.657 application=block_scout_web request_id=GGYPaGkevZv7E7sAD3KB [error] Not found
2025-09-17T11:47:31.438 application=block_scout_web request_id=GGYPacHAzTOVzKQAD3Ph [info] API v2 smart-contract 0xCD1A5c7EAb27Abe8FecA950b96810052C95Bae0F verification via standard json input
2025-09-17T11:47:31.441 application=block_scout_web request_id=GGYPacHAzTOVzKQAD3Ph [info] API v2 smart-contract 0xCD1A5c7EAb27Abe8FecA950b96810052C95Bae0F verification request sent to the microservice
2025-09-17T11:47:31.791 application=block_scout_web [info] Broadcast smart-contract 0xcd1a5c7eab27abe8feca950b96810052c95bae0f verification results
2025-09-17T11:49:15.659 application=block_scout_web request_id=GGYPggWnTWPZcecAD7Th [error] Not found
2025-09-17T11:49:21.473 application=block_scout_web request_id=GGYPg2BGbusctjoAD7wB [info] API v2 smart-contract 0x5F1a6C3e5732A3B44A26d7C69fA0E414C226bF1f verification via standard json input
2025-09-17T11:49:21.476 application=block_scout_web request_id=GGYPg2BGbusctjoAD7wB [info] API v2 smart-contract 0x5F1a6C3e5732A3B44A26d7C69fA0E414C226bF1f verification request sent to the microservice
2025-09-17T11:49:22.058 application=block_scout_web [info] Broadcast smart-contract 0x5f1a6c3e5732a3b44a26d7c69fa0e414c226bf1f verification results
2025-09-17T11:49:32.228 application=block_scout_web request_id=GGYPheE-AY9uP9AAD8jh [error] Not found
2025-09-17T11:49:38.218 application=block_scout_web request_id=GGYPh0Zc2CdDJrwAD81B [info] API v2 smart-contract 0xdCa01B60c434B72F074799d8D750e6e24D0E584d verification via standard json input
2025-09-17T11:49:38.221 application=block_scout_web request_id=GGYPh0Zc2CdDJrwAD81B [info] API v2 smart-contract 0xdCa01B60c434B72F074799d8D750e6e24D0E584d verification request sent to the microservice
2025-09-17T11:49:38.686 application=block_scout_web [info] Broadcast smart-contract 0xdca01b60c434b72f074799d8d750e6e24d0e584d verification results
2025-09-17T11:53:05.422 application=block_scout_web request_id=GGYPt4Q8H4BKOe4ADA5J [error] Not found
2025-09-17T11:53:11.289 application=block_scout_web request_id=GGYPuOIa8u85_VQADBGp [info] API v2 smart-contract 0x081E3Fd1c383159315d2bDC0FE694459F3a7F529 verification via standard json input
2025-09-17T11:53:11.293 application=block_scout_web request_id=GGYPuOIa8u85_VQADBGp [info] API v2 smart-contract 0x081E3Fd1c383159315d2bDC0FE694459F3a7F529 verification request sent to the microservice
2025-09-17T11:53:11.763 application=block_scout_web [info] Broadcast smart-contract 0x081e3fd1c383159315d2bdc0fe694459f3a7f529 verification results
2025-09-17T11:54:42.212 application=block_scout_web request_id=GGYPzg4ZK6Zo80oAEGyB [error] Not found
2025-09-17T11:54:47.978 application=block_scout_web request_id=GGYPz2X7fpoBpMAAEHOB [info] API v2 smart-contract 0x30CC255Dbc3eB762fA4E63D79be379D004231c68 verification via standard json input
2025-09-17T11:54:47.982 application=block_scout_web request_id=GGYPz2X7fpoBpMAAEHOB [info] API v2 smart-contract 0x30CC255Dbc3eB762fA4E63D79be379D004231c68 verification request sent to the microservice
2025-09-17T11:54:48.582 application=block_scout_web [info] Broadcast smart-contract 0x30cc255dbc3eb762fa4e63d79be379d004231c68 verification results
2025-09-17T12:00:03.929 application=block_scout_web request_id=GGYQGPW-GTiN82IAEWuh [error] Not found
2025-09-17T12:00:08.975 application=block_scout_web request_id=GGYQGiK2S0jttNsAEXFB [error] Not found
2025-09-17T12:00:14.761 application=block_scout_web request_id=GGYQG3t7UjUKGQwAEXYB [info] API v2 smart-contract 0x9D60D80115688e8A80E765ab7E1D7AB412b7bAA7 verification via standard json input
2025-09-17T12:00:14.765 application=block_scout_web request_id=GGYQG3t7UjUKGQwAEXYB [info] API v2 smart-contract 0x9D60D80115688e8A80E765ab7E1D7AB412b7bAA7 verification request sent to the microservice
2025-09-17T12:00:14.776 application=block_scout_web [info] Broadcast smart-contract 0x9d60d80115688e8a80e765ab7e1d7ab412b7baa7 verification results
2025-09-17T12:00:26.206 application=block_scout_web request_id=GGYQHiXSX_V2_MsAD6aH [info] API v2 smart-contract 0x59A3a3665068824929bDbaba8a7d8C194A575Dab verification via standard json input
2025-09-17T12:00:26.209 application=block_scout_web request_id=GGYQHiXSX_V2_MsAD6aH [info] API v2 smart-contract 0x59A3a3665068824929bDbaba8a7d8C194A575Dab verification request sent to the microservice
2025-09-17T12:00:26.227 application=block_scout_web [info] Broadcast smart-contract 0x59a3a3665068824929bdbaba8a7d8c194a575dab verification results
2025-09-17T12:00:51.916 application=block_scout_web request_id=GGYQJCILmPJmlIcAD1vG [error] Not found
2025-09-17T12:00:57.734 application=block_scout_web request_id=GGYQJXzkn-6AEmkAD2OG [info] API v2 smart-contract 0xd3960fC1FbA0A1a8070B37240725d055ab4fb5f0 verification via standard json input
2025-09-17T12:00:57.739 application=block_scout_web request_id=GGYQJXzkn-6AEmkAD2OG [info] API v2 smart-contract 0xd3960fC1FbA0A1a8070B37240725d055ab4fb5f0 verification request sent to the microservice
2025-09-17T12:00:58.324 application=block_scout_web [info] Broadcast smart-contract 0xd3960fc1fba0a1a8070b37240725d055ab4fb5f0 verification results
2025-09-17T12:01:12.395 application=block_scout_web request_id=GGYQKOa0Oqp_hiMAD3Hm [error] Not found
2025-09-17T12:01:17.411 application=block_scout_web request_id=GGYQKhG18nI1JJgAD3bm [error] Not found
2025-09-17T12:01:23.174 application=block_scout_web request_id=GGYQK2lSbQmxlREAD8fn [info] API v2 smart-contract 0x9f8232c369Fa503D8288B1e593555856F6F350C0 verification via standard json input
2025-09-17T12:01:23.175 application=block_scout_web request_id=GGYQK2lSbQmxlREAD8fn [info] API v2 smart-contract 0x9f8232c369Fa503D8288B1e593555856F6F350C0 verification request sent to the microservice
2025-09-17T12:01:23.641 application=block_scout_web [info] Broadcast smart-contract 0x9f8232c369fa503d8288b1e593555856f6f350c0 verification results
2025-09-17T12:03:12.159 application=block_scout_web request_id=GGYQRMkrEs7TFTAAD8LG [error] Not found
2025-09-17T12:03:17.207 application=block_scout_web request_id=GGYQRfYY6527xAwAD8Um [error] Not found
2025-09-17T12:03:22.985 application=block_scout_web request_id=GGYQR06SjEsOGuoADk1C [info] API v2 smart-contract 0xBF23F709e9AF4d96AC1A3f5b8b3DF60dFDdE99Cd verification via standard json input
2025-09-17T12:03:22.987 application=block_scout_web request_id=GGYQR06SjEsOGuoADk1C [info] API v2 smart-contract 0xBF23F709e9AF4d96AC1A3f5b8b3DF60dFDdE99Cd verification request sent to the microservice
2025-09-17T12:03:23.534 application=block_scout_web [info] Broadcast smart-contract 0xbf23f709e9af4d96ac1a3f5b8b3df60dfdde99cd verification results
2025-09-17T12:03:33.898 application=block_scout_web request_id=GGYQSdjpDGxZdYEADl9k [error] Not found
2025-09-17T12:03:39.675 application=block_scout_web request_id=GGYQSzFYzcPlGCcAEbzB [info] API v2 smart-contract 0x5eA0D384DFF56eCB197DB8d8ef36D3d7d292C63b verification via standard json input
2025-09-17T12:03:39.680 application=block_scout_web request_id=GGYQSzFYzcPlGCcAEbzB [info] API v2 smart-contract 0x5eA0D384DFF56eCB197DB8d8ef36D3d7d292C63b verification request sent to the microservice
2025-09-17T12:03:40.126 application=block_scout_web [info] Broadcast smart-contract 0x5ea0d384dff56ecb197db8d8ef36d3d7d292c63b verification results
2025-09-17T12:04:06.276 application=block_scout_web request_id=GGYQUWLNnySMurIADmRE [info] API v2 smart-contract 0x1e1587eb69D1cCF4dF5E410851A85C5433ACEBD7 verification via standard json input
2025-09-17T12:04:06.280 application=block_scout_web request_id=GGYQUWLNnySMurIADmRE [info] API v2 smart-contract 0x1e1587eb69D1cCF4dF5E410851A85C5433ACEBD7 verification request sent to the microservice
2025-09-17T12:04:07.094 application=block_scout_web [info] Broadcast smart-contract 0x1e1587eb69d1ccf4df5e410851a85c5433acebd7 verification results
2025-09-17T12:04:15.710 application=block_scout_web request_id=GGYQU5Uk_FMg8bYADhTj [error] Not found
2025-09-17T12:04:21.450 application=block_scout_web request_id=GGYQVOtNQj44gFIAD-XG [info] API v2 smart-contract 0x35895D9fb0c6E12f55966ab6B06E780E6e4eC8Be verification via standard json input
2025-09-17T12:04:21.453 application=block_scout_web request_id=GGYQVOtNQj44gFIAD-XG [info] API v2 smart-contract 0x35895D9fb0c6E12f55966ab6B06E780E6e4eC8Be verification request sent to the microservice
2025-09-17T12:04:21.918 application=block_scout_web [info] Broadcast smart-contract 0x35895d9fb0c6e12f55966ab6b06e780e6e4ec8be verification results
2025-09-17T12:05:44.232 application=block_scout_web request_id=GGYQaDFMZjMiZyIAECsG [error] Not found
2025-09-17T12:05:49.281 application=block_scout_web request_id=GGYQaV5YD_wES44AEC6m [error] Not found
2025-09-17T12:05:55.039 application=block_scout_web request_id=GGYQarWM2P9xypgAEDIG [info] API v2 smart-contract 0x4564e2CF48A82aA2133bD5C0599112589FeF5738 verification via standard json input
2025-09-17T12:05:55.041 application=block_scout_web request_id=GGYQarWM2P9xypgAEDIG [info] API v2 smart-contract 0x4564e2CF48A82aA2133bD5C0599112589FeF5738 verification request sent to the microservice
2025-09-17T12:05:55.726 application=block_scout_web [info] Broadcast smart-contract 0x4564e2cf48a82aa2133bd5c0599112589fef5738 verification results
2025-09-17T12:06:05.790 application=block_scout_web request_id=GGYQbTYybrQvS4sAEDUm [error] Not found
2025-09-17T12:06:11.538 application=block_scout_web request_id=GGYQbozlXLd6z5cAEDsm [info] API v2 smart-contract 0x1B9b5D9cECDE669F77FDbECb645027229595D7f4 verification via standard json input
2025-09-17T12:06:11.542 application=block_scout_web request_id=GGYQbozlXLd6z5cAEDsm [info] API v2 smart-contract 0x1B9b5D9cECDE669F77FDbECb645027229595D7f4 verification request sent to the microservice
2025-09-17T12:06:12.020 application=block_scout_web [info] Broadcast smart-contract 0x1b9b5d9cecde669f77fdbecb645027229595d7f4 verification results
2025-09-17T12:08:40.998 application=block_scout_web request_id=GGYQkVlKJMerB4MAEIZm [error] Not found
2025-09-17T12:08:46.046 application=block_scout_web request_id=GGYQkoYvrVW2I7oAEIpm [error] Not found
2025-09-17T12:08:51.732 application=block_scout_web request_id=GGYQk9kYm69t854AEkwh [info] API v2 smart-contract 0x434a141E3700D24B9F17F21323a8054116F7E83A verification via standard json input
2025-09-17T12:08:51.735 application=block_scout_web request_id=GGYQk9kYm69t854AEkwh [info] API v2 smart-contract 0x434a141E3700D24B9F17F21323a8054116F7E83A verification request sent to the microservice
2025-09-17T12:08:52.225 application=block_scout_web [info] Broadcast smart-contract 0x434a141e3700d24b9f17f21323a8054116f7e83a verification results
2025-09-17T12:09:01.756 application=block_scout_web request_id=GGYQli5weyun9t0AEJPm [error] Not found
2025-09-17T12:09:06.765 application=block_scout_web request_id=GGYQl1lA1WzrudsAEJem [error] Not found
2025-09-17T12:09:09.486 application=block_scout_web request_id=GGYQl_tuQtqyaE4AEJgG [info] API v2 smart-contract 0x434a141e3700d24b9f17f21323a8054116f7e83a verification via flattened file
2025-09-17T12:09:09.490 application=block_scout_web request_id=GGYQl_tuQtqyaE4AEJgG [info] API v2 smart-contract 0x434a141e3700d24b9f17f21323a8054116f7e83a verification request sent to the microservice
2025-09-17T12:09:09.795 application=block_scout_web [info] Broadcast smart-contract 0x434a141e3700d24b9f17f21323a8054116f7e83a verification results
2025-09-17T12:09:12.492 application=block_scout_web request_id=GGYQmK6MT0C_-kkAEJlG [info] API v2 smart-contract 0xE5C15d83C7A44E9377b7b64e3b73Ff37E917962f verification via standard json input
2025-09-17T12:09:12.496 application=block_scout_web request_id=GGYQmK6MT0C_-kkAEJlG [info] API v2 smart-contract 0xE5C15d83C7A44E9377b7b64e3b73Ff37E917962f verification request sent to the microservice
2025-09-17T12:09:12.826 application=block_scout_web [info] Broadcast smart-contract 0xe5c15d83c7a44e9377b7b64e3b73ff37e917962f verification results
2025-09-17T12:10:16.517 application=block_scout_web request_id=GGYQp5awFlz--Y0ADxCD [info] API v2 smart-contract 0x434a141e3700d24b9f17f21323a8054116f7e83a verification via flattened file
2025-09-17T12:10:16.521 application=block_scout_web request_id=GGYQp5awFlz--Y0ADxCD [info] API v2 smart-contract 0x434a141e3700d24b9f17f21323a8054116f7e83a verification request sent to the microservice
2025-09-17T12:10:17.070 application=block_scout_web [info] Broadcast smart-contract 0x434a141e3700d24b9f17f21323a8054116f7e83a verification results
2025-09-17T13:09:50.362 application=block_scout_web request_id=GGYT57ERcj4VuEYAGItB [info] API v2 smart-contract 0x434a141e3700d24b9f17f21323a8054116f7e83a verification via flattened file
2025-09-17T13:09:50.367 application=block_scout_web request_id=GGYT57ERcj4VuEYAGItB [info] API v2 smart-contract 0x434a141e3700d24b9f17f21323a8054116f7e83a verification request sent to the microservice
2025-09-17T13:09:50.935 application=block_scout_web [info] Broadcast smart-contract 0x434a141e3700d24b9f17f21323a8054116f7e83a verification results
2025-09-17T13:22:17.159 application=block_scout_web request_id=GGYUlZEZ9HUkjIAAFRBD [info] API v2 smart-contract 0x434a141e3700d24b9f17f21323a8054116f7e83a verification via flattened file
2025-09-17T13:22:17.167 application=block_scout_web request_id=GGYUlZEZ9HUkjIAAFRBD [info] API v2 smart-contract 0x434a141e3700d24b9f17f21323a8054116f7e83a verification request sent to the microservice
2025-09-17T13:22:17.180 application=block_scout_web [info] Broadcast smart-contract 0x434a141e3700d24b9f17f21323a8054116f7e83a verification results
2025-09-17T13:22:18.295 application=block_scout_web request_id=GGYUldTi2XEy6QcAGhKB [info] API v2 smart-contract 0x434a141e3700d24b9f17f21323a8054116f7e83a verification via flattened file
2025-09-17T13:22:18.301 application=block_scout_web request_id=GGYUldTi2XEy6QcAGhKB [info] API v2 smart-contract 0x434a141e3700d24b9f17f21323a8054116f7e83a verification request sent to the microservice
2025-09-17T13:22:18.310 application=block_scout_web [info] Broadcast smart-contract 0x434a141e3700d24b9f17f21323a8054116f7e83a verification results
2025-09-17T13:22:18.962 application=block_scout_web request_id=GGYUlfyWoqSzwqUAGhLB [info] API v2 smart-contract 0x434a141e3700d24b9f17f21323a8054116f7e83a verification via flattened file
2025-09-17T13:22:18.970 application=block_scout_web request_id=GGYUlfyWoqSzwqUAGhLB [info] API v2 smart-contract 0x434a141e3700d24b9f17f21323a8054116f7e83a verification request sent to the microservice
2025-09-17T13:22:18.990 application=block_scout_web [info] Broadcast smart-contract 0x434a141e3700d24b9f17f21323a8054116f7e83a verification results
2025-09-17T13:22:19.527 application=block_scout_web request_id=GGYUlh5YSlGAJg8AGhLh [info] API v2 smart-contract 0x434a141e3700d24b9f17f21323a8054116f7e83a verification via flattened file
2025-09-17T13:22:19.531 application=block_scout_web request_id=GGYUlh5YSlGAJg8AGhLh [info] API v2 smart-contract 0x434a141e3700d24b9f17f21323a8054116f7e83a verification request sent to the microservice
2025-09-17T13:22:19.543 application=block_scout_web [info] Broadcast smart-contract 0x434a141e3700d24b9f17f21323a8054116f7e83a verification results
2025-09-17T13:22:20.070 application=block_scout_web request_id=GGYUlj6rD6AgnQQAGhQh [info] API v2 smart-contract 0x434a141e3700d24b9f17f21323a8054116f7e83a verification via flattened file
2025-09-17T13:22:20.073 application=block_scout_web request_id=GGYUlj6rD6AgnQQAGhQh [info] API v2 smart-contract 0x434a141e3700d24b9f17f21323a8054116f7e83a verification request sent to the microservice
2025-09-17T13:22:20.083 application=block_scout_web [info] Broadcast smart-contract 0x434a141e3700d24b9f17f21323a8054116f7e83a verification results
2025-09-17T13:22:20.575 application=block_scout_web request_id=GGYUllyQ91359BMAGhRh [info] API v2 smart-contract 0x434a141e3700d24b9f17f21323a8054116f7e83a verification via flattened file
2025-09-17T13:22:20.586 application=block_scout_web request_id=GGYUllyQ91359BMAGhRh [info] API v2 smart-contract 0x434a141e3700d24b9f17f21323a8054116f7e83a verification request sent to the microservice
2025-09-17T13:22:20.596 application=block_scout_web [info] Broadcast smart-contract 0x434a141e3700d24b9f17f21323a8054116f7e83a verification results
2025-09-17T13:22:21.260 application=block_scout_web request_id=GGYUloWayCNhwekAGhTB [info] API v2 smart-contract 0x434a141e3700d24b9f17f21323a8054116f7e83a verification via flattened file
2025-09-17T13:22:21.266 application=block_scout_web request_id=GGYUloWayCNhwekAGhTB [info] API v2 smart-contract 0x434a141e3700d24b9f17f21323a8054116f7e83a verification request sent to the microservice
2025-09-17T13:22:21.280 application=block_scout_web [info] Broadcast smart-contract 0x434a141e3700d24b9f17f21323a8054116f7e83a verification results
2025-09-17T13:22:21.790 application=block_scout_web request_id=GGYUlqU9WGWY9cUAGhTh [info] API v2 smart-contract 0x434a141e3700d24b9f17f21323a8054116f7e83a verification via flattened file
2025-09-17T13:22:21.794 application=block_scout_web request_id=GGYUlqU9WGWY9cUAGhTh [info] API v2 smart-contract 0x434a141e3700d24b9f17f21323a8054116f7e83a verification request sent to the microservice
2025-09-17T13:22:21.809 application=block_scout_web [info] Broadcast smart-contract 0x434a141e3700d24b9f17f21323a8054116f7e83a verification results
2025-09-17T13:22:22.547 application=block_scout_web request_id=GGYUltJUlJgddSUAGhUB [info] API v2 smart-contract 0x434a141e3700d24b9f17f21323a8054116f7e83a verification via flattened file
2025-09-17T13:22:22.553 application=block_scout_web request_id=GGYUltJUlJgddSUAGhUB [info] API v2 smart-contract 0x434a141e3700d24b9f17f21323a8054116f7e83a verification request sent to the microservice
2025-09-17T13:22:22.569 application=block_scout_web [info] Broadcast smart-contract 0x434a141e3700d24b9f17f21323a8054116f7e83a verification results
2025-09-17T13:22:23.209 application=block_scout_web request_id=GGYUlvnGi7LoSm8AGhVh [info] API v2 smart-contract 0x434a141e3700d24b9f17f21323a8054116f7e83a verification via flattened file
2025-09-17T13:22:23.211 application=block_scout_web request_id=GGYUlvnGi7LoSm8AGhVh [info] API v2 smart-contract 0x434a141e3700d24b9f17f21323a8054116f7e83a verification request sent to the microservice
2025-09-17T13:22:23.651 application=block_scout_web [info] Broadcast smart-contract 0x434a141e3700d24b9f17f21323a8054116f7e83a verification results
2025-09-17T13:22:25.300 application=block_scout_web request_id=GGYUl3ZtP61RcvgAFRRj [info] API v2 smart-contract 0x434a141e3700d24b9f17f21323a8054116f7e83a verification via flattened file
2025-09-17T13:22:25.304 application=block_scout_web request_id=GGYUl3ZtP61RcvgAFRRj [info] API v2 smart-contract 0x434a141e3700d24b9f17f21323a8054116f7e83a verification request sent to the microservice
2025-09-17T13:22:25.598 application=block_scout_web [info] Broadcast smart-contract 0x434a141e3700d24b9f17f21323a8054116f7e83a verification results
2025-09-17T13:24:38.172 application=block_scout_web request_id=GGYUtmZENLR4eBcAF05n [info] API v2 smart-contract 0x434a141e3700d24b9f17f21323a8054116f7e83a verification via flattened file
2025-09-17T13:24:38.180 application=block_scout_web request_id=GGYUtmZENLR4eBcAF05n [info] API v2 smart-contract 0x434a141e3700d24b9f17f21323a8054116f7e83a verification request sent to the microservice
2025-09-17T13:24:38.695 application=block_scout_web [info] Broadcast smart-contract 0x434a141e3700d24b9f17f21323a8054116f7e83a verification results
2025-09-17T13:36:23.721 application=block_scout_web request_id=GGYVWqx2aAVLGJAAFQAk [info] API v2 smart-contract 0x434a141e3700d24b9f17f21323a8054116f7e83a verification via flattened file
2025-09-17T13:36:23.724 application=block_scout_web request_id=GGYVWqx2aAVLGJAAFQAk [info] API v2 smart-contract 0x434a141e3700d24b9f17f21323a8054116f7e83a verification request sent to the microservice
2025-09-17T13:36:24.267 application=block_scout_web [info] Broadcast smart-contract 0x434a141e3700d24b9f17f21323a8054116f7e83a verification results
2025-09-17T13:42:30.259 application=block_scout_web request_id=GGYVsAPT4T2f8wUAFumD [info] API v2 smart-contract 0x434a141e3700d24b9f17f21323a8054116f7e83a verification via flattened file
2025-09-17T13:42:30.265 application=block_scout_web request_id=GGYVsAPT4T2f8wUAFumD [info] API v2 smart-contract 0x434a141e3700d24b9f17f21323a8054116f7e83a verification request sent to the microservice
2025-09-17T13:42:31.922 application=block_scout_web [info] Broadcast smart-contract 0x434a141e3700d24b9f17f21323a8054116f7e83a verification results
2025-09-17T13:43:11.449 application=block_scout_web request_id=GGYVuZqbTcuSKQcAFmZi [error] Not found
2025-09-17T13:43:16.503 application=block_scout_web request_id=GGYVuse2nzskWBYAFmhi [error] Not found
2025-09-17T13:43:22.225 application=block_scout_web request_id=GGYVvB0-qXSxPYAAFgyF [info] API v2 smart-contract 0xFEFdc1e60c209b9Cf216fD070686AeDfE25b26e5 verification via standard json input
2025-09-17T13:43:22.227 application=block_scout_web request_id=GGYVvB0-qXSxPYAAFgyF [info] API v2 smart-contract 0xFEFdc1e60c209b9Cf216fD070686AeDfE25b26e5 verification request sent to the microservice
2025-09-17T13:43:22.986 application=block_scout_web [info] Broadcast smart-contract 0xfefdc1e60c209b9cf216fd070686aedfe25b26e5 verification results
2025-09-17T13:44:22.206 application=block_scout_web request_id=GGYVyhQUF8_9w3oAFjRl [error] Not found
2025-09-17T13:44:28.171 application=block_scout_web request_id=GGYVy3fW_kwrtEAAGNum [info] API v2 smart-contract 0xB2B05fB9148B928248185608b632074c197b63E3 verification via standard json input
2025-09-17T13:44:28.173 application=block_scout_web request_id=GGYVy3fW_kwrtEAAGNum [info] API v2 smart-contract 0xB2B05fB9148B928248185608b632074c197b63E3 verification request sent to the microservice
2025-09-17T13:44:29.068 application=block_scout_web [info] Broadcast smart-contract 0xb2b05fb9148b928248185608b632074c197b63e3 verification results
2025-09-17T13:44:43.098 application=block_scout_web request_id=GGYVzvHJn_8JogsAFkQF [info] API v2 smart-contract 0x434a141e3700d24b9f17f21323a8054116f7e83a verification via flattened file
2025-09-17T13:44:43.101 application=block_scout_web request_id=GGYVzvHJn_8JogsAFkQF [info] API v2 smart-contract 0x434a141e3700d24b9f17f21323a8054116f7e83a verification request sent to the microservice
2025-09-17T13:44:44.597 application=block_scout_web [info] Broadcast smart-contract 0x434a141e3700d24b9f17f21323a8054116f7e83a verification results
2025-09-17T13:48:16.426 application=block_scout_web request_id=GGYWAJx4j4feFeMAFsIF [info] API v2 smart-contract 0x434a141e3700d24b9f17f21323a8054116f7e83a verification via flattened file
2025-09-17T13:48:16.428 application=block_scout_web request_id=GGYWAJx4j4feFeMAFsIF [info] API v2 smart-contract 0x434a141e3700d24b9f17f21323a8054116f7e83a verification request sent to the microservice
2025-09-17T13:48:18.081 application=block_scout_web [info] Broadcast smart-contract 0x434a141e3700d24b9f17f21323a8054116f7e83a verification results
2025-09-17T13:53:22.483 application=block_scout_web request_id=GGYWR96vH5fwoGAAF3NF [info] API v2 smart-contract 0x434a141e3700d24b9f17f21323a8054116f7e83a verification via flattened file
2025-09-17T13:53:22.489 application=block_scout_web request_id=GGYWR96vH5fwoGAAF3NF [info] API v2 smart-contract 0x434a141e3700d24b9f17f21323a8054116f7e83a verification request sent to the microservice
2025-09-17T13:53:24.242 application=block_scout_web [info] Broadcast smart-contract 0x434a141e3700d24b9f17f21323a8054116f7e83a verification results
2025-09-17T13:59:43.725 application=block_scout_web request_id=GGYWoKKx8CBQZEYAGLWl [info] API v2 smart-contract 0x434a141e3700d24b9f17f21323a8054116f7e83a verification via flattened file
2025-09-17T13:59:43.731 application=block_scout_web request_id=GGYWoKKx8CBQZEYAGLWl [info] API v2 smart-contract 0x434a141e3700d24b9f17f21323a8054116f7e83a verification request sent to the microservice
2025-09-17T13:59:45.398 application=block_scout_web [info] Broadcast smart-contract 0x434a141e3700d24b9f17f21323a8054116f7e83a verification results
2025-09-17T14:00:07.476 application=block_scout_web request_id=GGYWpipmxBn77osAGMkl [info] API v2 smart-contract 0x434a141e3700d24b9f17f21323a8054116f7e83a verification via flattened file
2025-09-17T14:00:07.478 application=block_scout_web request_id=GGYWpipmxBn77osAGMkl [info] API v2 smart-contract 0x434a141e3700d24b9f17f21323a8054116f7e83a verification request sent to the microservice
2025-09-17T14:00:35.701 application=block_scout_web [info] Broadcast smart-contract 0x434a141e3700d24b9f17f21323a8054116f7e83a verification results
2025-09-17T14:01:23.994 application=block_scout_web request_id=GGYWt_srClIyyNcAGDdC [error] Not found
2025-09-17T14:01:29.767 application=block_scout_web request_id=GGYWuVMuFB4seLMAGQHl [info] API v2 smart-contract 0xd65d02Fd122a24815ddF0E5832A32a42A2621A5c verification via standard json input
2025-09-17T14:01:29.771 application=block_scout_web request_id=GGYWuVMuFB4seLMAGQHl [info] API v2 smart-contract 0xd65d02Fd122a24815ddF0E5832A32a42A2621A5c verification request sent to the microservice
2025-09-17T14:01:30.659 application=block_scout_web [info] Broadcast smart-contract 0xd65d02fd122a24815ddf0e5832a32a42a2621a5c verification results
2025-09-17T14:01:44.936 application=block_scout_web request_id=GGYWvNtMRefGq-4AGENi [error] Not found
2025-09-17T14:01:50.962 application=block_scout_web request_id=GGYWvkKb-Gkk_bQAGQrl [info] API v2 smart-contract 0x0e400c7b00a673aA82fdd73894c54D78Aa1065Cc verification via standard json input
2025-09-17T14:01:50.964 application=block_scout_web request_id=GGYWvkKb-Gkk_bQAGQrl [info] API v2 smart-contract 0x0e400c7b00a673aA82fdd73894c54D78Aa1065Cc verification request sent to the microservice
2025-09-17T14:01:51.728 application=block_scout_web [info] Broadcast smart-contract 0x0e400c7b00a673aa82fdd73894c54d78aa1065cc verification results
2025-09-17T14:03:18.613 application=block_scout_web request_id=GGYW0quFQrSNjdwAGUel [info] API v2 smart-contract 0xd65d02fd122a24815ddf0e5832a32a42a2621a5c verification via flattened file
2025-09-17T14:03:18.616 application=block_scout_web request_id=GGYW0quFQrSNjdwAGUel [info] API v2 smart-contract 0xd65d02fd122a24815ddf0e5832a32a42a2621a5c verification request sent to the microservice
2025-09-17T14:03:19.532 application=block_scout_web [info] Broadcast smart-contract 0xd65d02fd122a24815ddf0e5832a32a42a2621a5c verification results
2025-09-17T14:04:07.094 application=block_scout_web request_id=GGYW3fViOeutjqUAGXTl [info] API v2 smart-contract 0x0e400c7b00a673aa82fdd73894c54d78aa1065cc verification via flattened file
2025-09-17T14:04:07.096 application=block_scout_web request_id=GGYW3fViOeutjqUAGXTl [info] API v2 smart-contract 0x0e400c7b00a673aa82fdd73894c54d78aa1065cc verification request sent to the microservice
2025-09-17T14:04:07.992 application=block_scout_web [info] Broadcast smart-contract 0x0e400c7b00a673aa82fdd73894c54d78aa1065cc verification results
2025-09-17T14:09:41.757 application=block_scout_web request_id=GGYXK-ChLd_xH54AIDkB [error] Not found
2025-09-17T14:09:47.505 application=block_scout_web request_id=GGYXLTdseDY8Dj4AGN7i [info] API v2 smart-contract 0xd96c55e0c72D1C8EC18908028A52a570963CD0Ef verification via standard json input
2025-09-17T14:09:47.511 application=block_scout_web request_id=GGYXLTdseDY8Dj4AGN7i [info] API v2 smart-contract 0xd96c55e0c72D1C8EC18908028A52a570963CD0Ef verification request sent to the microservice
2025-09-17T14:09:48.363 application=block_scout_web [info] Broadcast smart-contract 0xd96c55e0c72d1c8ec18908028a52a570963cd0ef verification results
2025-09-17T14:10:02.172 application=block_scout_web request_id=GGYXMKGVeieSWiAAID1B [error] Not found
2025-09-17T14:10:07.958 application=block_scout_web request_id=GGYXMfqF-3N1onQAIEFh [info] API v2 smart-contract 0x56C11731F7b803b780CF86affAC6FFFcFD815fDa verification via standard json input
2025-09-17T14:10:07.960 application=block_scout_web request_id=GGYXMfqF-3N1onQAIEFh [info] API v2 smart-contract 0x56C11731F7b803b780CF86affAC6FFFcFD815fDa verification request sent to the microservice
2025-09-17T14:10:08.684 application=block_scout_web [info] Broadcast smart-contract 0x56c11731f7b803b780cf86affac6fffcfd815fda verification results
2025-09-17T14:22:05.385 application=block_scout_web request_id=GGYX2QRIZ4d4LzkAGWgE [info] API v2 smart-contract 0x56c11731f7b803b780cf86affac6fffcfd815fda verification via multipart
2025-09-17T14:22:05.391 application=block_scout_web request_id=GGYX2QRIZ4d4LzkAGWgE [info] API v2 smart-contract 0x56c11731f7b803b780cf86affac6fffcfd815fda verification request sent to the microservice
2025-09-17T14:22:08.909 application=block_scout_web [info] Broadcast smart-contract 0x56c11731f7b803b780cf86affac6fffcfd815fda verification results
